"../../../Engine/Content/EditorLandscapeResources/DataLayer.uasset" 0
"../../../Engine/Content/EditorMaterials/GizmoMaterial.uasset" 1
"../../../Engine/Content/EditorMaterials/MAT_Groups_Toggle.uasset" 2
"../../../Engine/Content/EditorMaterials/MAT_Groups_Visibility.uasset" 3
"../../../Engine/Content/EditorMaterials/PreviewShadowIndicator.uasset" 4
"../../../Engine/Content/EditorMaterials/PreviewShadowIndicatorMaterial.uasset" 5
"../../../Engine/Content/EditorMaterials/AssetViewer/EpicQuadPanorama_CC+EV1.uasset" 6
"../../../Engine/Content/EditorMaterials/MatineeGroups/MAT_ColorTrack.uasset" 7
"../../../Engine/Content/EditorMaterials/MatineeGroups/MAT_Groups_Anim.uasset" 8
"../../../Engine/Content/EditorMaterials/MatineeGroups/MAT_Groups_AudioMaster.uasset" 9
"../../../Engine/Content/EditorMaterials/MatineeGroups/MAT_Groups_Director.uasset" 10
"../../../Engine/Content/EditorMaterials/MatineeGroups/MAT_Groups_Event.uasset" 11
"../../../Engine/Content/EditorMaterials/MatineeGroups/MAT_Groups_Fade.uasset" 12
"../../../Engine/Content/EditorMaterials/MatineeGroups/MAT_Groups_Float.uasset" 13
"../../../Engine/Content/EditorMaterials/MatineeGroups/MAT_Groups_Move.uasset" 14
"../../../Engine/Content/EditorMaterials/MatineeGroups/MAT_Groups_Slomo.uasset" 15
"../../../Engine/Content/EditorMaterials/MatineeGroups/MAT_Groups_Sound.uasset" 16
"../../../Engine/Content/EditorMaterials/MatineeGroups/MAT_Groups_Vector.uasset" 17
"../../../Engine/Content/EditorMaterials/ParticleSystems/PSysThumbnail_NoImage.uasset" 18
"../../../Engine/Content/EditorMaterials/ParticleSystems/PSysThumbnail_OOD.uasset" 19
"../../../Engine/Content/EditorMaterials/Camera/CineMat.uasset" 20
"../../../Engine/Content/EditorMaterials/Camera/MI_CineMat_Rig.uasset" 21
"../../../Engine/Content/EditorMeshes/Camera/SM_CraneRig_Arm.uasset" 22
"../../../Engine/Content/EditorMeshes/Camera/SM_CraneRig_Base.uasset" 23
"../../../Engine/Content/EditorMeshes/Camera/SM_CraneRig_Body.uasset" 24
"../../../Engine/Content/EditorMeshes/Camera/SM_CraneRig_Mount.uasset" 25
"../../../Engine/Content/EditorMeshes/Camera/SM_RailRig_Mount.uasset" 26
"../../../Engine/Content/EditorMeshes/Camera/SM_RailRig_Track.uasset" 27
"../../../Engine/Content/EditorResources/BSPVertex.uasset" 28
"../../../Engine/Content/EditorResources/EmptyActor.uasset" 29
"../../../Engine/Content/EditorResources/RGBTable16x1_AssetViewer.uasset" 30
"../../../Engine/Content/EditorResources/S_Actor.uasset" 31
"../../../Engine/Content/EditorResources/S_Trigger.uasset" 32
"../../../Engine/Content/EditorResources/AudioIcons/S_AudioComponent.uasset" 33
"../../../Engine/Content/EditorResources/AudioIcons/S_AudioComponent_AutoActivate.uasset" 34
"../../../Engine/Content/EditorResources/LightIcons/S_LightError.uasset" 35
"../../../Engine/Content/EditorResources/SequenceRecorder/Countdown.uasset" 36
"../../../Engine/Content/EditorResources/SequenceRecorder/RecordingIndicator.uasset" 37
"../../../Engine/Content/EditorSounds/Notifications/CompileFailed.uasset" 38
"../../../Engine/Content/EditorSounds/Notifications/CompileFailed_Cue.uasset" 39
"../../../Engine/Content/EditorSounds/Notifications/CompileSuccess.uasset" 40
"../../../Engine/Content/EditorSounds/Notifications/CompileStart_Cue.uasset" 41
"../../../Engine/Content/EditorSounds/Notifications/CompileSuccess_Cue.uasset" 42
"../../../Engine/Content/EngineDamageTypes/DmgTypeBP_Environmental.uasset" 43
"../../../Engine/Content/EngineDebugMaterials/HeatmapGradient.uasset" 44
"../../../Engine/Content/EngineDebugMaterials/BoneWeightMaterial.uasset" 45
"../../../Engine/Content/EngineDebugMaterials/DebugMeshMaterial.uasset" 46
"../../../Engine/Content/EngineDebugMaterials/GeomMaterial.uasset" 47
"../../../Engine/Content/EngineFonts/Faces/RobotoBold.uasset" 48
"../../../Engine/Content/EngineFonts/Faces/RobotoBoldItalic.uasset" 49
"../../../Engine/Content/EngineFonts/Faces/RobotoItalic.uasset" 50
"../../../Engine/Content/EngineFonts/Faces/RobotoLight.uasset" 51
"../../../Engine/Content/EngineFonts/Faces/RobotoRegular.uasset" 52
"../../../Engine/Content/EngineFonts/Roboto.uasset" 53
"../../../Engine/Content/EngineFonts/Faces/RobotoTiny.uasset" 54
"../../../Engine/Content/EngineFonts/RobotoTiny.uasset" 55
"../../../Engine/Content/EngineMaterials/DefaultBokeh.uasset" 56
"../../../Engine/Content/EngineMaterials/DefaultDiffuse.uasset" 57
"../../../Engine/Content/EngineMaterials/DefaultDeferredDecalMaterial.uasset" 58
"../../../Engine/Content/EngineMaterials/DefaultLightFunctionMaterial.uasset" 59
"../../../Engine/Content/EngineMaterials/DefaultPhysicalMaterial.uasset" 60
"../../../Engine/Content/Functions/Engine_MaterialFunctions02/Utility/BreakOutFloat2Components.uasset" 61
"../../../Engine/Content/EngineMaterials/DefaultPostProcessMaterial.uasset" 62
"../../../Engine/Content/EngineFonts/RobotoDistanceField.uasset" 63
"../../../Engine/Content/EngineMaterials/DefaultTextMaterialOpaque.uasset" 64
"../../../Engine/Content/EngineMaterials/DefaultWhiteGrid.uasset" 65
"../../../Engine/Content/EngineMaterials/EditorBrushMaterial.uasset" 66
"../../../Engine/Content/EngineMaterials/Good64x64TilingNoiseHighFreq.uasset" 67
"../../../Engine/Content/EngineMaterials/MiniFont.uasset" 68
"../../../Engine/Content/EngineMaterials/InvalidLightmapSettings.uasset" 69
"../../../Engine/Content/EngineMaterials/M_InvalidLightmapSettings.uasset" 70
"../../../Engine/Content/EngineMaterials/PhAT_JointLimitMaterial.uasset" 71
"../../../Engine/Content/EngineMaterials/PreintegratedSkinBRDF.uasset" 72
"../../../Engine/Content/EngineMaterials/RemoveSurfaceMaterial.uasset" 73
"../../../Engine/Content/EngineMaterials/WeightMapPlaceholderTexture.uasset" 74
"../../../Engine/Content/EngineResources/WhiteSquareTexture.uasset" 75
"../../../Engine/Content/EngineMaterials/Widget3DPassThrough.uasset" 76
"../../../Engine/Content/EngineMaterials/Widget3DPassThrough_Masked.uasset" 77
"../../../Engine/Content/EngineMaterials/Widget3DPassThrough_Opaque.uasset" 78
"../../../Engine/Content/EngineMaterials/Widget3DPassThrough_Masked_OneSided.uasset" 79
"../../../Engine/Content/EngineMaterials/Widget3DPassThrough_Opaque_OneSided.uasset" 80
"../../../Engine/Content/EngineMaterials/Widget3DPassThrough_Translucent.uasset" 81
"../../../Engine/Content/EngineMaterials/Widget3DPassThrough_Translucent_OneSided.uasset" 82
"../../../Engine/Content/Functions/Engine_MaterialFunctions01/Opacity/CameraDepthFade.uasset" 83
"../../../Engine/Content/EngineMaterials/T_Default_Material_Grid_M.uasset" 84
"../../../Engine/Content/EngineMaterials/T_Default_Material_Grid_N.uasset" 85
"../../../Engine/Content/EngineMaterials/DefaultMaterial.uasset" 86
"../../../Engine/Content/EngineMeshes/Cube.uasset" 87
"../../../Engine/Content/EngineMeshes/Cylinder.uasset" 88
"../../../Engine/Content/EngineMeshes/Sphere.uasset" 89
"../../../Engine/Content/EngineResources/Black.uasset" 90
"../../../Engine/Content/EngineResources/DefaultTexture.uasset" 91
"../../../Engine/Content/EngineResources/DefaultTextureCube.uasset" 92
"../../../Engine/Content/EngineResources/GradientTexture0.uasset" 93
"../../../Engine/Content/EngineSounds/Master.uasset" 94
"../../../Engine/Content/Functions/Engine_MaterialFunctions01/Shading/ConvertFromDiffSpec.uasset" 95
"../../../Engine/Content/Functions/Engine_MaterialFunctions01/Shading/PowerToRoughness.uasset" 96
"../../../Engine/Content/Maps/Templates/Thumbnails/Default.uasset" 97
"../../../Engine/Content/Maps/Templates/Thumbnails/VR-Basic.uasset" 98
"../../../Engine/Content/MobileResources/T_MobileControls_texture.uasset" 99
"../../../Engine/Content/MobileResources/T_MobileMenu2.uasset" 100
"../../../Engine/Content/MobileResources/HUD/AnalogHat.uasset" 101
"../../../Engine/Content/MobileResources/HUD/VirtualJoystick_Background.uasset" 102
"../../../Engine/Content/MobileResources/HUD/VirtualJoystick_Thumb.uasset" 103
"../../../Engine/Content/MobileResources/HUD/DefaultVirtualJoysticks.uasset" 104
"../../../Engine/Content/MobileResources/HUD/LeftVirtualJoystickOnly.uasset" 105
"../../../Engine/Content/MobileResources/HUD/MobileHUDButton1_off.uasset" 106
"../../../Engine/Content/MobileResources/HUD/MobileHUDButton1_on.uasset" 107
"../../../Engine/Content/MobileResources/HUD/MobileHUDButton2_off.uasset" 108
"../../../Engine/Content/MobileResources/HUD/MobileHUDButton2_on.uasset" 109
"../../../Engine/Content/MobileResources/HUD/MobileHUDButton3.uasset" 110
"../../../Engine/Content/MobileResources/HUD/MobileHUDButtonFire.uasset" 111
"../../../Engine/Content/MobileResources/HUD/MobileHUDDirectionPad.uasset" 112
"../../../Engine/Content/MobileResources/HUD/MobileHUDDirectionPad2.uasset" 113
"../../../Engine/Content/MobileResources/HUD/MobileHUDDirectionPad3.uasset" 114
"../../../Engine/Content/MobileResources/HUD/MobileHUDDirectionStick.uasset" 115
"../../../Engine/Content/MobileResources/HUD/T_Castle_ThumbstickInner.uasset" 116
"../../../Engine/Content/MobileResources/HUD/T_Castle_ThumbstickOutter.uasset" 117
"../../../Engine/Content/Tutorial/ContentIntroCurve.uasset" 118
"../../../Engine/Content/Tutorial/Basics/TutorialAssets/icon_tab_Levels_40x.uasset" 119
"../../../Engine/Content/Tutorial/BlueprintTutorials/TutorialAssets/BlueprintInterface_64x.uasset" 120
"../../../Engine/Content/Tutorial/BlueprintTutorials/TutorialAssets/BlueprintMacroLibrary_64x.uasset" 121
"../../../Engine/Content/Tutorial/BlueprintTutorials/TutorialAssets/Blueprint_64x.uasset" 122
"../../../Engine/Content/Tutorial/BlueprintTutorials/TutorialAssets/Tutorial_BP_Interface.uasset" 123
"../../../Engine/Content/Tutorial/Foliage/TutorialAssets/Foliage.uasset" 124
"../../../Engine/Content/Tutorial/Landscape/TutorialAssets/Landscape.uasset" 125
"../../../Engine/Content/Tutorial/Paper2D/TutorialAssets/Paper2DFlipbook_TutorialIcon.uasset" 126
"../../../Engine/Content/Tutorial/Paper2D/TutorialAssets/Paper2DSprite_TutorialIcon.uasset" 127
"../../../Engine/Content/Tutorial/SubEditors/TutorialAssets/icon_Editor_Preferences_General_40x.uasset" 128
"../../../Engine/Content/Tutorial/SubEditors/TutorialAssets/icon_ShowSkeletalMeshes_40x.uasset" 129
"../../../Engine/Content/Tutorial/SubEditors/TutorialAssets/TutorialMaterial.uasset" 130
"../../../Engine/Content/Tutorial/SubEditors/TutorialAssets/T_SmokeSubUV_8X8.uasset" 131
"../../../Engine/Content/Tutorial/SubEditors/TutorialAssets/T_soft_smoke.uasset" 132
"../../../Engine/Content/Tutorial/SubEditors/TutorialAssets/M_smoke_subUV_blackbody.uasset" 133
"../../../Engine/Content/Tutorial/SubEditors/TutorialAssets/TutorialParticleSystem.uasset" 134
"../../../Engine/Content/EngineMaterials/WorldGridMaterial.uasset" 135
"../../../Engine/Content/EditorMeshes/EditorCube.uasset" 136
"../../../Engine/Content/Tutorial/SubEditors/TutorialAssets/Tutorial_DM.uasset" 137
"../../../Engine/Content/VREditor/Devices/Generic/GenericHMDMaterial.uasset" 138
"../../../Engine/Content/VREditor/Devices/Generic/GenericHMD.uasset" 139
"../../../Engine/Content/VREditor/FloatingText/LineMaterial.uasset" 140
"../../../Engine/Content/VREditor/FloatingText/JointSphere.uasset" 141
"../../../Engine/Content/VREditor/FloatingText/LineSegmentCylinder.uasset" 142
"../../../Engine/Content/VREditor/Fonts/VRText_RobotoLarge.uasset" 143
"../../../Engine/Content/VREditor/Fonts/VRTextMaterial.uasset" 144
"../../../Engine/Content/VREditor/Fonts/TranslucentVRTextMaterial.uasset" 145
"../../../Engine/Content/VREditor/LaserPointer/VR_LaserPower_01.uasset" 146
"../../../Engine/Content/VREditor/LaserPointer/LaserPointerMaterial.uasset" 147
"../../../Engine/Content/VREditor/LaserPointer/LaserPointerMaterialInst.uasset" 148
"../../../Engine/Content/VREditor/LaserPointer/TranslucentLaserPointerMaterialInst.uasset" 149
"../../../Engine/Content/VREditor/LaserPointer/LaserPointerMesh.uasset" 150
"../../../Engine/Content/VREditor/Sounds/VR_grab_Cue.uasset" 151
"../../../Engine/Content/VREditor/Sounds/VR_teleport_Cue.uasset" 152
"../../../Engine/Content/VREditor/TransformGizmo/TransformGizmoMaterial.uasset" 153
"../../../Engine/Content/VREditor/TransformGizmo/TranslucentTransformGizmoMaterial.uasset" 154
"../../../Engine/Content/VREditor/TransformGizmo/BoundingBoxCorner.uasset" 155
"../../../Engine/Content/VREditor/TransformGizmo/BoundingBoxEdge.uasset" 156
"../../../Engine/Content/VREditor/TransformGizmo/PlaneTranslationHandle.uasset" 157
"../../../Engine/Content/VREditor/TransformGizmo/RotationHandle.uasset" 158
"../../../Engine/Content/VREditor/TransformGizmo/RotationHandleFull.uasset" 159
"../../../Engine/Content/VREditor/TransformGizmo/StretchingHandle.uasset" 160
"../../../Engine/Content/VREditor/TransformGizmo/TranslateHandleLong.uasset" 161
"../../../Engine/Content/VREditor/TransformGizmo/TranslationHandle.uasset" 162
"../../../Engine/Content/VREditor/TransformGizmo/UniformScaleHandle.uasset" 163
"../../../Engine/Content/VREditor/UI/CloseButtonMesh.uasset" 164
"../../../Engine/Content/VREditor/UI/SelectionBarMesh.uasset" 165
"../../../Engine/Content/Functions/Engine_MaterialFunctions01/Gradient/RadialGradient.uasset" 166
"../../../Engine/Content/VREditor/WorldMovementGrid/SimpleGrid.uasset" 167
"../../../Engine/Content/VREditor/WorldMovementGrid/GridMaterial.uasset" 168
"../../../Engine/Content/Functions/Engine_MaterialFunctions01/Density/ExponentialDensity.uasset" 169
"../../../Engine/Content/VREditor/WorldMovementGrid/GridPostProcess.uasset" 170
"../../../Engine/Content/EditorLandscapeResources/FlattenHeightMat.uasset" 171
"../../../Engine/Content/VREditor/WorldMovementGrid/PlaneMesh.uasset" 172
"../../../Ninja/Content/FirstPerson/Audio/FirstPersonTemplateWeaponFire02_Cue.uasset" 173
"../../../Ninja/Content/FirstPerson/Character/Textures/UE4_LOGO_CARD.uasset" 174
"../../../Ninja/Content/FirstPerson/FPWeapon/Materials/MaterialLayers/ML_Plastic_Shiny_Beige_LOGO.uasset" 175
"../../../Ninja/Content/FirstPerson/FPWeapon/Materials/MaterialLayers/T_ML_FineRubber.uasset" 176
"../../../Ninja/Content/FirstPerson/FPWeapon/Mesh/SK_FPGun_PhysicsAsset.uasset" 177
"../../../Ninja/Content/FirstPerson/Meshes/BaseMaterial.uasset" 178
"../../../Ninja/Content/FirstPerson/Meshes/CubeMaterialOverride.uasset" 179
"../../../Ninja/Content/FirstPerson/Character/Mesh/SK_Mannequin_Arms_Skeleton.uasset" 180
"../../../Ninja/Content/FirstPerson/Animations/FirstPerson_Idle.uasset" 181
"../../../Ninja/Content/FirstPerson/Animations/FirstPerson_JumpEnd.uasset" 182
"../../../Ninja/Content/FirstPerson/Animations/FirstPerson_JumpLoop.uasset" 183
"../../../Ninja/Content/FirstPerson/Animations/FirstPerson_JumpStart.uasset" 184
"../../../Ninja/Content/FirstPerson/Animations/FirstPerson_Run.uasset" 185
"../../../Engine/Content/EditorBlueprintResources/StandardMacros.uasset" 186
"../../../Ninja/Content/FirstPerson/Animations/FirstPerson_AnimBP.uasset" 187
"../../../Ninja/Content/FirstPerson/Animations/FirstPerson_Fire.uasset" 188
"../../../Ninja/Content/FirstPerson/Animations/FirstPersonFire_Montage.uasset" 189
"../../../Ninja/Content/FirstPerson/Textures/FirstPersonCrosshair.uasset" 190
"../../../Ninja/Content/FirstPersonBP/Blueprints/FirstPersonHUD.uasset" 191
"../../../Ninja/Content/Ninja/Blueprints/SaveProgram/SaveValues.uasset" 192
"../../../Ninja/Content/FirstPersonBP/Blueprints/FirstPersonGameMode.uasset" 193
"../../../Ninja/Content/Ninja/Blueprints/Character/BP_Interaction.uasset" 194
"../../../Engine/Content/BasicShapes/BasicShapeMaterial.uasset" 195
"../../../Ninja/Content/Ninja/Blueprints/Traps/las3er.uasset" 196
"../../../Engine/Content/BasicShapes/Cube.uasset" 197
"../../../Ninja/Content/Ninja/Blueprints/AI/BP_AIDefense.uasset" 198
"../../../Ninja/Content/FirstPerson/Meshes/FirstPersonProjectileMaterial.uasset" 199
"../../../Ninja/Content/FirstPerson/Meshes/FirstPersonProjectileMesh.uasset" 200
"../../../Ninja/Content/Ninja/Blueprints/Character/BP_TurretProjectileDeflected.uasset" 201
"../../../Ninja/Content/lambert2_u1_v2.uasset" 202
"../../../Ninja/Content/Ninja/Materials/Shield.uasset" 203
"../../../Ninja/Content/StarterContent/Materials/M_Glass.uasset" 204
"../../../Engine/Content/Functions/Engine_MaterialFunctions02/Utility/BlendAngleCorrectedNormals.uasset" 205
"../../../Engine/Content/Functions/MaterialLayerFunctions/MatLayerBlend_NormalBlend.uasset" 206
"../../../Engine/Content/Functions/MaterialLayerFunctions/MatLayerBlend_Simple.uasset" 207
"../../../Ninja/Content/FirstPerson/Character/Materials/MaterialLayers/T_ML_Rubber_Blue_01_D.uasset" 208
"../../../Ninja/Content/FirstPerson/Character/Materials/MaterialLayers/T_ML_Rubber_Blue_01_N.uasset" 209
"../../../Ninja/Content/FirstPerson/Character/Materials/MaterialLayers/ML_GlossyBlack_Latex_UE4.uasset" 210
"../../../Ninja/Content/FirstPerson/Character/Materials/MaterialLayers/ML_Plastic_Shiny_Beige.uasset" 211
"../../../Ninja/Content/FirstPerson/Character/Materials/MaterialLayers/ML_Plastic_Shiny_Beige_LOGO.uasset" 212
"../../../Ninja/Content/FirstPerson/Character/Materials/MaterialLayers/T_ML_Aluminum01.uasset" 213
"../../../Ninja/Content/FirstPerson/Character/Materials/MaterialLayers/T_ML_Aluminum01_N.uasset" 214
"../../../Ninja/Content/FirstPerson/Character/Materials/MaterialLayers/ML_SoftMetal_UE4.uasset" 215
"../../../Ninja/Content/FirstPerson/Character/Textures/UE4_Mannequin__normals.uasset" 216
"../../../Ninja/Content/FirstPerson/Character/Textures/UE4_Mannequin_MAT_MASKA.uasset" 217
"../../../Ninja/Content/FirstPerson/Character/Materials/M_UE4Man_Body.uasset" 218
"../../../Ninja/Content/FirstPerson/Character/Mesh/SK_Mannequin_Arms_PhysicsAsset.uasset" 219
"../../../Ninja/Content/FirstPerson/Character/Mesh/SK_Mannequin_Arms.uasset" 220
"../../../Ninja/Content/FirstPerson/FPWeapon/Materials/MaterialLayers/T_ML_Rubber_Blue_01_D.uasset" 221
"../../../Ninja/Content/FirstPerson/FPWeapon/Materials/MaterialLayers/T_ML_Rubber_Blue_01_N.uasset" 222
"../../../Ninja/Content/FirstPerson/FPWeapon/Materials/MaterialLayers/ML_GlossyBlack_Latex_UE4.uasset" 223
"../../../Ninja/Content/FirstPerson/FPWeapon/Materials/MaterialLayers/ML_Plastic_Shiny_Beige.uasset" 224
"../../../Ninja/Content/FirstPerson/FPWeapon/Materials/MaterialLayers/ML_Screen.uasset" 225
"../../../Ninja/Content/FirstPerson/FPWeapon/Materials/MaterialLayers/T_ML_Aluminum01.uasset" 226
"../../../Ninja/Content/FirstPerson/FPWeapon/Materials/MaterialLayers/T_ML_Aluminum01_N.uasset" 227
"../../../Ninja/Content/FirstPerson/FPWeapon/Materials/MaterialLayers/ML_SoftMetal_UE4.uasset" 228
"../../../Ninja/Content/FirstPerson/FPWeapon/Textures/T_FPGun_M.uasset" 229
"../../../Ninja/Content/FirstPerson/FPWeapon/Textures/T_FPGun_N.uasset" 230
"../../../Ninja/Content/FirstPerson/FPWeapon/Materials/M_FPGun.uasset" 231
"../../../Ninja/Content/FirstPerson/FPWeapon/Mesh/SK_FPGun_Skeleton.uasset" 232
"../../../Ninja/Content/FirstPerson/FPWeapon/Mesh/SK_FPGun.uasset" 233
"../../../Ninja/Content/kiyoshi_arm.uasset" 234
"../../../Ninja/Content/lambert1.uasset" 235
"../../../Ninja/Content/Kunai.uasset" 236
"../../../Ninja/Content/Ninja/Audio/DeathGrunt_masterCue.uasset" 237
"../../../Ninja/Content/Ninja/Audio/Dialogue/Music_LabSoundtrack_Loop_V2.uasset" 238
"../../../Ninja/Content/Ninja/Audio/DoubleJump_MasterCue.uasset" 239
"../../../Ninja/Content/Ninja/Audio/HurtGrunt_MasterCue.uasset" 240
"../../../Ninja/Content/Ninja/Audio/JumpGrunt_MasterCue.uasset" 241
"../../../Ninja/Content/Ninja/Audio/Music_PrisonSoundtrack_V3.uasset" 242
"../../../Ninja/Content/Ninja/Audio/SFX_Dash_003_Cue.uasset" 243
"../../../Ninja/Content/Ninja/Audio/SFX_InvisibilityEnd_001_Cue.uasset" 244
"../../../Ninja/Content/Ninja/Audio/SFX_InvisibilityIn_001_Cue.uasset" 245
"../../../Ninja/Content/Ninja/Audio/SFX_JumpLand_001_Cue.uasset" 246
"../../../Ninja/Content/Ninja/Audio/SFX_KunaiThrow_005_Cue.uasset" 247
"../../../Ninja/Content/Ninja/Audio/SFX_WallClimb_002_Cue.uasset" 248
"../../../Ninja/Content/Ninja/Blueprints/Character/States_Character.uasset" 249
"../../../Engine/Content/MapTemplates/Sky/DaylightAmbientCubemap.uasset" 250
"../../../Ninja/Content/StarterContent/Blueprints/Assets/M_LightStage_Skybox_Master.uasset" 251
"../../../Ninja/Content/StarterContent/Blueprints/Assets/M_LightStage_Skybox_Black.uasset" 252
"../../../Ninja/Content/Ninja/Models/Weapons/Katana.uasset" 253
"../../../Ninja/Content/Ninja/UI/16-10_quit_background2.uasset" 254
"../../../Ninja/Content/Ninja/UI/buttons.uasset" 255
"../../../Ninja/Content/Ninja/UI/GameOverWidget.uasset" 256
"../../../Engine/Plugins/2D/Paper2D/Content/DefaultSpriteMaterial.uasset" 257
"../../../Engine/Plugins/2D/Paper2D/Content/TranslucentUnlitSpriteMaterial.uasset" 258
"../../../Ninja/Content/Ninja/UI/background_health_and_grip_bar.uasset" 259
"../../../Ninja/Content/Ninja/UI/background_health_and_grip_bar_Sprite_0.uasset" 260
"../../../Ninja/Content/Ninja/UI/bar_full_left.uasset" 261
"../../../Ninja/Content/Ninja/UI/bar_full_left2.uasset" 262
"../../../Ninja/Content/Ninja/UI/bars_empty_left.uasset" 263
"../../../Ninja/Content/Ninja/UI/bars_empty_left2.uasset" 264
"../../../Ninja/Content/Ninja/UI/dash_icon_full.uasset" 265
"../../../Ninja/Content/Ninja/UI/deflect_icon_full.uasset" 266
"../../../Ninja/Content/Ninja/UI/grip_bar.uasset" 267
"../../../Ninja/Content/Ninja/UI/grip_bar_empty.uasset" 268
"../../../Ninja/Content/Ninja/UI/health_bar.uasset" 269
"../../../Ninja/Content/Ninja/UI/health_bar_empty.uasset" 270
"../../../Ninja/Content/Ninja/UI/kunai-glow.uasset" 271
"../../../Ninja/Content/Ninja/UI/kunai-glow_Sprite_0.uasset" 272
"../../../Ninja/Content/Ninja/UI/PlayerWidget.uasset" 273
"../../../Ninja/Content/Ninja/Blueprints/Character/BP_Character.uasset" 274
"../../../Ninja/Content/Ninja/Blueprints/AI/BP_TurretProjectile.uasset" 275
"../../../Engine/Content/BasicShapes/Cone.uasset" 276
"../../../Engine/Content/BasicShapes/Cylinder.uasset" 277
"../../../Ninja/Content/Ninja/Audio/SFX_AIDisable_002_Cue.uasset" 278
"../../../Ninja/Content/Ninja/Audio/SFX_LazerBig_003_Cue.uasset" 279
"../../../Ninja/Content/Ninja/Audio/SFX_TurretIdle_001_Cue.uasset" 280
"../../../Ninja/Content/StarterContent/Particles/Materials/M_Radial_Gradient.uasset" 281
"../../../Ninja/Content/StarterContent/Textures/T_Smoke_SubUV.uasset" 282
"../../../Ninja/Content/StarterContent/Textures/T_Smoke_Tiled_D.uasset" 283
"../../../Ninja/Content/StarterContent/Particles/Materials/M_smoke_subUV.uasset" 284
"../../../Ninja/Content/StarterContent/Textures/T_Spark_Core.uasset" 285
"../../../Ninja/Content/StarterContent/Particles/Materials/M_Spark.uasset" 286
"../../../Ninja/Content/StarterContent/Particles/P_Sparks.uasset" 287
"../../../Ninja/Content/StarterContent/Materials/M_Basic_Wall.uasset" 288
"../../../Ninja/Content/StarterContent/Shapes/Shape_Cylinder.uasset" 289
"../../../Ninja/Content/Ninja/Blueprints/AI/BP_Turret2.uasset" 290
"../../../Ninja/Content/Ninja/Blueprints/Character/FirstPersonProjectile.uasset" 291
"../../../Ninja/Content/FirstPerson/Audio/FirstPersonTemplateWeaponFire02.uasset" 292
"../../../Ninja/Content/FirstPersonBP/Blueprints/FirstPersonCharacter.uasset" 293
"../../../Ninja/Content/Mannequin/Character/Mesh/UE4_Mannequin_Skeleton.uasset" 294
"../../../Ninja/Content/Mannequin/Animations/ThirdPersonJump_End.uasset" 295
"../../../Ninja/Content/Mannequin/Character/Materials/MaterialLayers/T_ML_Rubber_Blue_01_D.uasset" 296
"../../../Ninja/Content/Mannequin/Character/Materials/MaterialLayers/T_ML_Rubber_Blue_01_N.uasset" 297
"../../../Ninja/Content/Mannequin/Character/Materials/MaterialLayers/ML_GlossyBlack_Latex_UE4.uasset" 298
"../../../Ninja/Content/Mannequin/Character/Materials/MaterialLayers/ML_Plastic_Shiny_Beige.uasset" 299
"../../../Ninja/Content/Mannequin/Character/Textures/UE4_LOGO_CARD.uasset" 300
"../../../Ninja/Content/Mannequin/Character/Materials/MaterialLayers/ML_Plastic_Shiny_Beige_LOGO.uasset" 301
"../../../Ninja/Content/Mannequin/Character/Materials/MaterialLayers/T_ML_Aluminum01.uasset" 302
"../../../Ninja/Content/Mannequin/Character/Materials/MaterialLayers/T_ML_Aluminum01_N.uasset" 303
"../../../Ninja/Content/Mannequin/Character/Materials/MaterialLayers/ML_SoftMetal_UE4.uasset" 304
"../../../Ninja/Content/Mannequin/Character/Textures/UE4_Mannequin_MAT_MASKA.uasset" 305
"../../../Ninja/Content/Mannequin/Character/Textures/UE4_Mannequin__normals.uasset" 306
"../../../Ninja/Content/Movies/Cutscene1/CutS_01_Intro_WIP_noSound.uasset" 307
"../../../Ninja/Content/Ninja/GameOverMenu_BuiltData.uasset" 308
"../../../Ninja/Content/Ninja/lambert1.uasset" 309
"../../../Ninja/Content/Ninja/Audio/Music_PrisonSoundtrack_V3_Cue.uasset" 310
"../../../Ninja/Content/Ninja/Audio/SFXDesign_DoorOpen_003_Cue.uasset" 311
"../../../Ninja/Content/Ninja/Audio/SFX_AIDisable_003_Cue.uasset" 312
"../../../Ninja/Content/Ninja/Audio/SFX_ClimbingWall_001_Cue.uasset" 313
"../../../Ninja/Content/Ninja/Audio/SFX_Dash_002_Cue.uasset" 314
"../../../Ninja/Content/Ninja/Audio/SFX_DeactivateShield_001_Cue.uasset" 315
"../../../Ninja/Content/Ninja/Audio/SFX_DefenceIdle_001_Cue.uasset" 316
"../../../Ninja/Content/Ninja/Audio/SFX_DefenceIdle_002_Cue.uasset" 317
"../../../Ninja/Content/Ninja/Audio/SFX_DefenceIdle_003_Cue.uasset" 318
"../../../Ninja/Content/Ninja/Audio/SFX_EnteringVent_Cue.uasset" 319
"../../../Ninja/Content/Ninja/Audio/SFX_FallingFloorTrap_002_Cue.uasset" 320
"../../../Ninja/Content/Ninja/Audio/SFX_FloorSpikes_001_Cue.uasset" 321
"../../../Ninja/Content/Ninja/Audio/SFX_InvisibilityStart_001_Cue.uasset" 322
"../../../Ninja/Content/Ninja/Audio/SFX_KiyoshiShieldDown_001_Cue.uasset" 323
"../../../Ninja/Content/Ninja/Audio/SFX_KiyoshiShield_003_Cue.uasset" 324
"../../../Ninja/Content/Ninja/Audio/SFX_KunaiHittingAI_001_Cue.uasset" 325
"../../../Ninja/Content/Ninja/Audio/SFX_KunaiHittingMetal.uasset" 326
"../../../Ninja/Content/Ninja/Audio/SFX_KunaiHittingVent_002_Cue.uasset" 327
"../../../Ninja/Content/Ninja/Audio/SFX_KunaiThrow_004_Cue.uasset" 328
"../../../Ninja/Content/Ninja/Audio/SFX_LazerBig_001_Cue.uasset" 329
"../../../Ninja/Content/Ninja/Audio/SFX_LazerBig_002_Cue.uasset" 330
"../../../Ninja/Content/Ninja/Audio/SFX_LazerBig_004_Cue.uasset" 331
"../../../Ninja/Content/Ninja/Audio/SFX_LazerBig_005_Cue.uasset" 332
"../../../Ninja/Content/Ninja/Audio/SFX_LazerDoor_001_Cue.uasset" 333
"../../../Ninja/Content/Ninja/Audio/SFX_MenuHover_001_Cue.uasset" 334
"../../../Ninja/Content/Ninja/Audio/SFX_MenuHover_002_Cue.uasset" 335
"../../../Ninja/Content/Ninja/Audio/SFX_MenuSelection_001_Cue.uasset" 336
"../../../Ninja/Content/Ninja/Audio/SFX_MenuSelection_002_Cue.uasset" 337
"../../../Ninja/Content/Ninja/Audio/SFX_MenuSelection_003_Cue.uasset" 338
"../../../Ninja/Content/Ninja/Audio/SFX_PatrolIdle_001_Cue.uasset" 339
"../../../Ninja/Content/Ninja/Audio/SFX_PatrolShooting_001_Cue.uasset" 340
"../../../Ninja/Content/Ninja/Audio/SFX_PatrolShooting_002_Cue.uasset" 341
"../../../Ninja/Content/Ninja/Audio/SFX_SentryExplode_001_Cue.uasset" 342
"../../../Ninja/Content/Ninja/Audio/SFX_SentryExplode_002_Cue.uasset" 343
"../../../Ninja/Content/Ninja/Audio/SoundAttenuation_001.uasset" 344
"../../../Ninja/Content/Ninja/Audio/Vox_DeathGrunt_003.uasset" 345
"../../../Ninja/Content/Ninja/Audio/BGM/Music_PrisonLevel.uasset" 346
"../../../Ninja/Content/Ninja/Audio/Dialogue/Vox_Button_001_Cue.uasset" 347
"../../../Ninja/Content/Ninja/Audio/Dialogue/Vox_Button_002_Cue.uasset" 348
"../../../Ninja/Content/Ninja/Audio/Dialogue/Vox_Button_Master.uasset" 349
"../../../Ninja/Content/Ninja/Audio/Dialogue/Vox_Kunai_002_Cue.uasset" 350
"../../../Ninja/Content/Ninja/Audio/Dialogue/Vox_Kunai_003_Cue.uasset" 351
"../../../Ninja/Content/Ninja/Audio/Dialogue/Vox_Kunai_004_Cue.uasset" 352
"../../../Ninja/Content/Ninja/Audio/Dialogue/Vox_Kunai_005_Cue.uasset" 353
"../../../Ninja/Content/Ninja/Audio/Dialogue/Vox_Wall_001_Cue.uasset" 354
"../../../Ninja/Content/Ninja/Audio/Dialogue/Vox_Wall_002_Cue.uasset" 355
"../../../Ninja/Content/Ninja/Audio/Dialogue/Vox_Wall_003_Cue.uasset" 356
"../../../Ninja/Content/Ninja/Audio/Dialogue/Vox_Wall_004_Cue.uasset" 357
"../../../Ninja/Content/Ninja/Audio/Dialogue/Vox_Wall_Master.uasset" 358
"../../../Ninja/Content/Ninja/Audio/Dialogue/Vox_WayThrough_001_Cue.uasset" 359
"../../../Ninja/Content/Ninja/Audio/Dialogue/Vox_WayThrough_002_Cue.uasset" 360
"../../../Ninja/Content/Ninja/Audio/Dialogue/Vox_WayThrough_Master.uasset" 361
"../../../Ninja/Content/Ninja/Blueprints/Environment/BP_Crank.uasset" 362
"../../../Ninja/Content/Ninja/Blueprints/SaveProgram/BP_Checkpoint.uasset" 363
"../../../Ninja/Content/Ninja/Blueprints/SaveProgram/KiyoshiGameInstance.uasset" 364
"../../../Ninja/Content/Ninja/Images/TurretArea.uasset" 365
"../../../Ninja/Content/Ninja/Images/TurretArea_Sprite_0.uasset" 366
"../../../Ninja/Content/Ninja/Level/Materials/NewMaterial.uasset" 367
"../../../Ninja/Content/Ninja/Level/Materials/NewMaterial2.uasset" 368
"../../../Ninja/Content/Ninja/Level/Modular_Assets/Laboratory/lambert4.uasset" 369
"../../../Ninja/Content/Ninja/Level/Modular_Assets/Laboratory/Stage_Asset_modular_corridor_wall_v1.uasset" 370
"../../../Ninja/Content/Ninja/Models/Modular/Level1/lambert3.uasset" 371
"../../../Ninja/Content/Ninja/Models/Modular/Level1/Tall_Wall_door.uasset" 372
"../../../Ninja/Content/Ninja/Models/Modular/Level1/Stage_Asset_modular_corridor_doorframe_b_polySurface11.uasset" 373
"../../../Ninja/Content/Ninja/Models/Modular/Level1/elevator_lambert29.uasset" 374
"../../../Ninja/Content/Ninja/Models/Modular/Level1/Stage_Asset_modular_elevator_wall_a_elevator_floor_tile95.uasset" 375
"../../../Ninja/Content/Ninja/Models/Modular/Level1/tall_wall.uasset" 376
"../../../Ninja/Content/Ninja/Models/Modular/Level1/Stage_Asset_modular_tall_wall_a_elevator_floor_tile68.uasset" 377
"../../../Ninja/Content/Ninja/Models/Modular/Level1/tall_wall_b.uasset" 378
"../../../Ninja/Content/Ninja/Models/Modular/Level1/Stage_Asset_modular_tall_wall_labeled_elevator_floor_tile93.uasset" 379
"../../../Ninja/Content/Ninja/Models/Modular/Level1/tall_wall_a.uasset" 380
"../../../Ninja/Content/Ninja/Models/Modular/Level1/Stage_Asset_modular_tall_wall_labeled_elevator_floor_tile94.uasset" 381
"../../../Ninja/Content/Ninja/Models/Modular/Level1/Stage_Asset_Prop_ladder_lambert1.uasset" 382
"../../../Ninja/Content/Ninja/Models/Modular/Level1/Stage_Asset_prop_ladder_Stage_Asset_Prop_ladder_ladder.uasset" 383
"../../../Ninja/Content/Ninja/Models/Modular/Level1/Stage_Asset_Prop_Panel_lambert1.uasset" 384
"../../../Ninja/Content/Ninja/Models/Modular/Level1/Stage_Asset_prop_long_panel_Stage_Asset_Prop_Panel_panel.uasset" 385
"../../../Ninja/Content/Ninja/Models/Planet/NewMaterial.uasset" 386
"../../../Ninja/Content/Ninja/UI/16-10_mainmenu_backgroundred.uasset" 387
"../../../Ninja/Content/Ninja/UI/bars_empty_left2_Sprite_0.uasset" 388
"../../../Ninja/Content/Ninja/UI/bars_empty_left_Sprite_0.uasset" 389
"../../../Ninja/Content/Ninja/UI/bars_empty_right.uasset" 390
"../../../Ninja/Content/Ninja/UI/bars_empty_right_Sprite_0.uasset" 391
"../../../Ninja/Content/Ninja/UI/bar_full_left2_Sprite_0.uasset" 392
"../../../Ninja/Content/Ninja/UI/bar_full_left_Sprite_0.uasset" 393
"../../../Ninja/Content/Ninja/UI/bar_full_right.uasset" 394
"../../../Ninja/Content/Ninja/UI/bar_full_right_Sprite_0.uasset" 395
"../../../Ninja/Content/Ninja/UI/dash_icon_empty.uasset" 396
"../../../Ninja/Content/Ninja/UI/dash_icon_empty_Sprite_0.uasset" 397
"../../../Ninja/Content/Ninja/UI/dash_icon_full_Sprite_0.uasset" 398
"../../../Ninja/Content/Ninja/UI/deflect_icon_empty.uasset" 399
"../../../Ninja/Content/Ninja/UI/deflect_icon_empty_Sprite_0.uasset" 400
"../../../Ninja/Content/Ninja/UI/deflect_icon_full_Sprite_0.uasset" 401
"../../../Ninja/Content/Ninja/UI/grip_bar_empty_Sprite_0.uasset" 402
"../../../Ninja/Content/Ninja/UI/grip_bar_Sprite_0.uasset" 403
"../../../Ninja/Content/Ninja/UI/health_bar_empty_Sprite_0.uasset" 404
"../../../Ninja/Content/Ninja/UI/health_bar_Sprite_0.uasset" 405
"../../../Ninja/Content/StarterContent/Architecture/Pillar_50x500.uasset" 406
"../../../Ninja/Content/StarterContent/Architecture/Wall_400x300.uasset" 407
"../../../Ninja/Content/StarterContent/Architecture/Wall_400x400.uasset" 408
"../../../Ninja/Content/StarterContent/Architecture/Wall_500x500.uasset" 409
"../../../Ninja/Content/StarterContent/Architecture/Wall_Window_400x400.uasset" 410
"../../../Ninja/Content/StarterContent/Audio/Light01_Cue.uasset" 411
"../../../Ninja/Content/StarterContent/Audio/Light02_Cue.uasset" 412
"../../../Ninja/Content/StarterContent/Audio/Explosion_Cue.uasset" 413
"../../../Ninja/Content/StarterContent/Textures/T_Burst_M.uasset" 414
"../../../Ninja/Content/StarterContent/Particles/Materials/M_Burst.uasset" 415
"../../../Ninja/Content/StarterContent/Textures/T_Explosion_SubUV.uasset" 416
"../../../Ninja/Content/StarterContent/Particles/Materials/M_explosion_subUV.uasset" 417
"../../../Ninja/Content/StarterContent/Particles/Materials/m_flare_01.uasset" 418
"../../../Ninja/Content/StarterContent/Particles/Materials/M_radial_ramp.uasset" 419
"../../../Ninja/Content/StarterContent/Particles/P_Explosion.uasset" 420
"../../../Ninja/Content/StarterContent/Blueprints/Blueprint_Effect_Explosion.uasset" 421
"../../../Engine/Content/EditorMeshes/ColorCalibrator/T_ColorGrid.uasset" 422
"../../../Ninja/Content/StarterContent/Materials/M_ColorGrid_LowSpec.uasset" 423
"../../../Ninja/Content/StarterContent/Textures/T_Bush_D.uasset" 424
"../../../Ninja/Content/StarterContent/Textures/T_Bush_N.uasset" 425
"../../../Ninja/Content/StarterContent/Props/Materials/M_Bush.uasset" 426
"../../../Ninja/Content/StarterContent/Props/SM_Bush.uasset" 427
"../../../Ninja/Content/StarterContent/Textures/T_Chair_M.uasset" 428
"../../../Ninja/Content/StarterContent/Textures/T_Chair_N.uasset" 429
"../../../Ninja/Content/StarterContent/Props/Materials/M_Chair.uasset" 430
"../../../Ninja/Content/StarterContent/Props/SM_Couch.uasset" 431
"../../../Ninja/Content/StarterContent/Textures/T_Door_M.uasset" 432
"../../../Ninja/Content/StarterContent/Textures/T_Door_N.uasset" 433
"../../../Ninja/Content/StarterContent/Props/Materials/M_Door.uasset" 434
"../../../Ninja/Content/StarterContent/Props/SM_Door.uasset" 435
"../../../Ninja/Content/StarterContent/Props/Materials/M_MaterialSphere.uasset" 436
"../../../Ninja/Content/StarterContent/Props/Materials/M_MaterialSphere_Plain.uasset" 437
"../../../Ninja/Content/StarterContent/Props/SM_MatPreviewMesh_02.uasset" 438
"../../../Ninja/Content/StarterContent/Textures/T_Detail_Rocky_N.uasset" 439
"../../../Ninja/Content/StarterContent/Textures/T_Rock_Basalt_D.uasset" 440
"../../../Ninja/Content/StarterContent/Textures/T_RockMesh_M.uasset" 441
"../../../Ninja/Content/StarterContent/Textures/T_RockMesh_N.uasset" 442
"../../../Ninja/Content/StarterContent/Props/Materials/M_Rock.uasset" 443
"../../../Ninja/Content/StarterContent/Props/SM_Rock.uasset" 444
"../../../Ninja/Content/StarterContent/Textures/T_Shelf_M.uasset" 445
"../../../Ninja/Content/StarterContent/Textures/T_Shelf_N.uasset" 446
"../../../Ninja/Content/StarterContent/Props/Materials/M_Shelf.uasset" 447
"../../../Ninja/Content/StarterContent/Props/SM_Shelf.uasset" 448
"../../../Ninja/Content/StarterContent/Materials/M_Basic_Floor.uasset" 449
"../../../Ninja/Content/StarterContent/Props/SM_Stairs.uasset" 450
"../../../Ninja/Content/StarterContent/Shapes/Shape_Cone.uasset" 451
"../../../Ninja/Content/StarterContent/Shapes/Shape_NarrowCapsule.uasset" 452
"../../../Ninja/Content/StarterContent/Shapes/Shape_Pipe.uasset" 453
"../../../Ninja/Content/StarterContent/Shapes/Shape_Pipe_180.uasset" 454
"../../../Ninja/Content/StarterContent/Shapes/Shape_Pipe_90.uasset" 455
"../../../Ninja/Content/StarterContent/Shapes/Shape_Plane.uasset" 456
"../../../Ninja/Content/StarterContent/Shapes/Shape_Torus.uasset" 457
"../../../Ninja/Content/StarterContent/Shapes/Shape_Trim.uasset" 458
"../../../Ninja/Content/StarterContent/Shapes/Shape_Trim_90_In.uasset" 459
"../../../Ninja/Content/StarterContent/Shapes/Shape_Trim_90_Out.uasset" 460
"../../../Ninja/Content/StarterContent/Shapes/Shape_TriPyramid.uasset" 461
"../../../Ninja/Content/StarterContent/Shapes/Shape_Tube.uasset" 462
"../../../Ninja/Content/StarterContent/Shapes/Shape_Wedge_A.uasset" 463
"../../../Ninja/Content/StarterContent/Shapes/Shape_Wedge_B.uasset" 464
"../../../Ninja/Content/StarterContent/Shapes/Shape_WideCapsule.uasset" 465
"../../../Ninja/Content/ThirdPersonBP/Blueprints/ThirdPersonGameMode.uasset" 466
"../../../Engine/Plugins/2D/Paper2D/Content/DummySprite.uasset" 467
"../../../Engine/Plugins/2D/Paper2D/Content/DefaultPaperTerrainMaterial.uasset" 468
"../../../Engine/Plugins/2D/Paper2D/Content/MaskedUnlitSpriteMaterial.uasset" 469
"../../../Engine/Plugins/2D/Paper2D/Content/OpaqueUnlitSpriteMaterial.uasset" 470
"../../../Engine/Plugins/2D/Paper2D/Content/PlaceholderTextures/DummySpriteTexture.uasset" 471
"../../../Ninja/Content/Mannequin/Animations/ThirdPerson_Jump.uasset" 472
"../../../Ninja/Content/Mannequin/Animations/ThirdPersonJump_Loop.uasset" 473
"../../../Ninja/Content/Mannequin/Animations/ThirdPersonJump_Start.uasset" 474
"../../../Ninja/Content/Mannequin/Animations/ThirdPersonIdle.uasset" 475
"../../../Ninja/Content/Mannequin/Animations/ThirdPersonRun.uasset" 476
"../../../Ninja/Content/Mannequin/Animations/ThirdPersonWalk.uasset" 477
"../../../Ninja/Content/Mannequin/Animations/ThirdPerson_IdleRun_2D.uasset" 478
"../../../Ninja/Content/Mannequin/Animations/ThirdPerson_AnimBP.uasset" 479
"../../../Ninja/Content/Mannequin/Character/Textures/UE4Man_Logo_N.uasset" 480
"../../../Ninja/Content/Mannequin/Character/Materials/M_UE4Man_ChestLogo.uasset" 481
"../../../Ninja/Content/Mannequin/Character/Mesh/SK_Mannequin_PhysicsAsset.uasset" 482
"../../../Ninja/Content/Mannequin/Character/Mesh/SK_Mannequin.uasset" 483
"../../../Ninja/Content/Ninja/Blueprints/AI/BP_Patrol.uasset" 484
"../../../Ninja/Content/StarterContent/Textures/T_MacroVariation.uasset" 485
"../../../Ninja/Content/StarterContent/Textures/T_Metal_Steel_D.uasset" 486
"../../../Ninja/Content/StarterContent/Textures/T_Metal_Steel_N.uasset" 487
"../../../Ninja/Content/StarterContent/Materials/M_Metal_Steel.uasset" 488
"../../../Ninja/Content/Ninja/Audio/SFX_KunaiHittingBox_001_Cue.uasset" 489
"../../../Ninja/Content/Ninja/Blueprints/Environment/BP_Crates.uasset" 490
"../../../Ninja/Content/Ninja/Blueprints/Environment/BP_CrateSpawn.uasset" 491
"../../../Engine/Content/Functions/Engine_MaterialFunctions01/Gradient/LinearGradient.uasset" 492
"../../../Engine/Content/Functions/Engine_MaterialFunctions01/ImageAdjustment/CheapContrast.uasset" 493
"../../../Ninja/Content/Ninja/T_HoneycombMask.uasset" 494
"../../../Ninja/Content/Ninja/T_ScanLineMask.uasset" 495
"../../../Ninja/Content/Ninja/Materials/M_CrippleBubble.uasset" 496
"../../../Engine/Content/BasicShapes/Sphere.uasset" 497
"../../../Ninja/Content/Ninja/Audio/SFX_CrippledKiyoshi_Loop_001_Cue.uasset" 498
"../../../Ninja/Content/Ninja/Audio/SFX_CrippledTrap_Deactivate_001_Cue.uasset" 499
"../../../Ninja/Content/Ninja/Audio/SFX_CrippledTrap_Loop_001.uasset" 500
"../../../Ninja/Content/Ninja/Audio/SFX_CrippledTrap_Loop_001_Cue.uasset" 501
"../../../Ninja/Content/Ninja/Blueprints/Traps/BP_CrippleBubble.uasset" 502
"../../../Ninja/Content/Ninja/Audio/SFX_CrippledTrap_Trigger_003.uasset" 503
"../../../Ninja/Content/Ninja/Audio/SFX_CrippledTrap_Trigger_003_Cue.uasset" 504
"../../../Ninja/Content/StarterContent/Particles/P_Steam_Lit2.uasset" 505
"../../../Ninja/Content/Ninja/Blueprints/Traps/BP_TrapCripple.uasset" 506
"../../../Ninja/Content/Ninja/Blueprints/Environment/BP_DoorVerticalAuto2.uasset" 507
"../../../Ninja/Content/Ninja/Audio/SFX_LazerTrap_001_Cue.uasset" 508
"../../../Ninja/Content/Ninja/Blueprints/Traps/M_Beam.uasset" 509
"../../../Ninja/Content/Ninja/Blueprints/Traps/P_Beam.uasset" 510
"../../../Ninja/Content/Ninja/Blueprints/Traps/BP_TrapLaser.uasset" 511
"../../../Engine/Content/EngineSky/C_Sky_Cloud_Color.uasset" 512
"../../../Engine/Content/EngineSky/C_Sky_Horizon_Color.uasset" 513
"../../../Engine/Content/EngineSky/C_Sky_Zenith_Color.uasset" 514
"../../../Engine/Content/EngineSky/T_Sky_Blue.uasset" 515
"../../../Engine/Content/EngineSky/T_Sky_Clouds_M.uasset" 516
"../../../Engine/Content/EngineSky/T_Sky_Stars.uasset" 517
"../../../Engine/Content/EngineSky/M_Sky_Panning_Clouds2.uasset" 518
"../../../Engine/Content/EngineSky/SM_SkySphere.uasset" 519
"../../../Engine/Content/EngineSky/BP_Sky_Sphere.uasset" 520
"../../../Ninja/Content/Ninja/Blueprints/Environment/BP_BrokenPowerPole.uasset" 521
"../../../Ninja/Content/Ninja/Blueprints/Environment/BP_ButtonPlatform.uasset" 522
"../../../Ninja/Content/StarterContent/Textures/T_Tech_Hex_Tile_M.uasset" 523
"../../../Ninja/Content/StarterContent/Textures/T_Tech_Hex_Tile_N.uasset" 524
"../../../Ninja/Content/StarterContent/Materials/M_Tech_Hex_Tile.uasset" 525
"../../../Ninja/Content/StarterContent/Materials/M_Tech_Hex_Tile_Pulse.uasset" 526
"../../../Ninja/Content/Ninja/Audio/SFX_DoorOpen_001_Cue.uasset" 527
"../../../Ninja/Content/Ninja/Blueprints/Environment/BP_DoorVerticalSwitch.uasset" 528
"../../../Ninja/Content/Ninja/Materials/Invisibility.uasset" 529
"../../../Ninja/Content/Ninja/Blueprints/Environment/BP_InvisibilityStation.uasset" 530
"../../../Ninja/Content/StarterContent/Particles/P_Sparks3.uasset" 531
"../../../Ninja/Content/Ninja/Blueprints/Environment/BP_LightningCeiling.uasset" 532
"../../../Ninja/Content/Ninja/Cutscenes/MediaPlayer_Cutscene_Video.uasset" 533
"../../../Ninja/Content/Ninja/Cutscenes/MediaPlayer_Cutscene.uasset" 534
"../../../Ninja/Content/Ninja/Cutscenes/Cutscene1/CutS_01_Intro_WIP_noSound.uasset" 535
"../../../Ninja/Content/Ninja/Cutscenes/MP_Cutscenes.uasset" 536
"../../../Ninja/Content/Ninja/Audio/CutScenes/CSAudio_Prison_Intro.uasset" 537
"../../../Ninja/Content/Ninja/Cutscenes/W_Cutscene.uasset" 538
"../../../Ninja/Content/Ninja/Blueprints/Environment/BP_MemoryAll.uasset" 539
"../../../Ninja/Content/StarterContent/Materials/M_Metal_Chrome.uasset" 540
"../../../Ninja/Content/Ninja/Blueprints/Environment/BP_Panel.uasset" 541
"../../../Ninja/Content/Ninja/Blueprints/Environment/BP_PlatformHorizontalSwitch.uasset" 542
"../../../Ninja/Content/Ninja/Blueprints/Environment/BP_PlatformVerticalCrate.uasset" 543
"../../../Ninja/Content/Ninja/Blueprints/Environment/BP_PlatformVerticalSwitch.uasset" 544
"../../../Ninja/Content/StarterContent/Shapes/Shape_Cube.uasset" 545
"../../../Ninja/Content/Ninja/Blueprints/Environment/BP_Switch.uasset" 546
"../../../Engine/Content/BasicShapes/Plane.uasset" 547
"../../../Ninja/Content/Ninja/Audio/SFX_KunaiHittingVent_001_Cue.uasset" 548
"../../../Ninja/Content/Ninja/Blueprints/Environment/BP_VentDoor.uasset" 549
"../../../Ninja/Content/Ninja/Blueprints/SaveProgram/SaveCheckpoint.uasset" 550
"../../../Ninja/Content/Ninja/Blueprints/Traps/BP_TrapSpike.uasset" 551
"../../../Ninja/Content/Ninja/Audio/Dialogue/Vox_Kunai_001_Cue.uasset" 552
"../../../Ninja/Content/Ninja/Audio/Dialogue/Vox_Kunai_Master.uasset" 553
"../../../Ninja/Content/Ninja/Pickups/Kunai.uasset" 554
"../../../Ninja/Content/Ninja/Level/Level_Prison_BuiltData.uasset" 555
"../../../Ninja/Content/Geometry/Meshes/CubeMaterial.uasset" 556
"../../../Ninja/Content/StarterContent/Textures/T_Brick_Clay_Old_D.uasset" 557
"../../../Ninja/Content/StarterContent/Textures/T_Brick_Clay_Old_N.uasset" 558
"../../../Ninja/Content/StarterContent/Textures/T_Perlin_Noise_M.uasset" 559
"../../../Ninja/Content/StarterContent/Materials/M_Brick_Clay_Old.uasset" 560
"../../../Ninja/Content/StarterContent/Textures/T_Metal_Gold_D.uasset" 561
"../../../Ninja/Content/StarterContent/Textures/T_Metal_Gold_N.uasset" 562
"../../../Ninja/Content/StarterContent/Materials/M_Metal_Gold.uasset" 563
"../../../Ninja/Content/StarterContent/Textures/T_Wood_Oak_D.uasset" 564
"../../../Ninja/Content/StarterContent/Textures/T_Wood_Oak_N.uasset" 565
"../../../Ninja/Content/StarterContent/Materials/M_Wood_Oak.uasset" 566
"../../../Engine/Content/MapTemplates/SM_Template_Map_Floor.uasset" 567
"../../../Ninja/Content/Ninja/Audio/BGM/Music_PrisonSoundtrack_V3_Cue.uasset" 568
"../../../Ninja/Content/Ninja/Models/Modular/Level1/Stage_Asset_modular_ceiling_a_Stage_Asset_modular_ceilinga.uasset" 569
"../../../Ninja/Content/Ninja/Models/Modular/Level1/Stage_Asset_modular_ceiling_a_Stage_Asset_modular_ceiling_a_ceiling1.uasset" 570
"../../../Ninja/Content/Ninja/Models/Modular/Level1/cell_door.uasset" 571
"../../../Ninja/Content/Ninja/Models/Modular/Level1/Stage_Asset_modular_celldoor_wall_tile_normal.uasset" 572
"../../../Ninja/Content/Ninja/Models/Modular/Level1/lambert24.uasset" 573
"../../../Ninja/Content/Ninja/Models/Modular/Level1/Stage_Asset_modular_corridor_celldoor_wall_tile_normal1.uasset" 574
"../../../Ninja/Content/Ninja/Models/Modular/Level1/lambert29.uasset" 575
"../../../Ninja/Content/Ninja/Models/Modular/Level1/Stage_Asset_modular_corridor_connector_wall_tile_normal6.uasset" 576
"../../../Ninja/Content/Ninja/Models/Modular/Level1/Stage_Asset_modular_corridor_doorframe_polySurface11.uasset" 577
"../../../Ninja/Content/Ninja/Models/Modular/Level1/doorframe_electric.uasset" 578
"../../../Ninja/Content/Ninja/Models/Modular/Level1/Stage_Asset_modular_corridor_laser_doorframe_wall_tile_normal1.uasset" 579
"../../../Ninja/Content/Ninja/Models/Modular/Level1/Stage_Asset_modular_corridor_wall_a_lambert1.uasset" 580
"../../../Ninja/Content/Ninja/Models/Modular/Level1/Stage_Asset_modular_corridor_wall_a_wall_tile_normal5.uasset" 581
"../../../Ninja/Content/Ninja/Models/Modular/Level1/lambert1.uasset" 582
"../../../Ninja/Content/Ninja/Models/Modular/Level1/Stage_Asset_modular_corridor_wall_b_wall_tile_normal4.uasset" 583
"../../../Ninja/Content/Ninja/Models/Modular/Level1/elevator_lambert31.uasset" 584
"../../../Ninja/Content/Ninja/Models/Modular/Level1/Stage_Asset_modular_elevator_elevator_floor_tile121.uasset" 585
"../../../Ninja/Content/Ninja/Models/Modular/Level1/elevator_tall_wall.uasset" 586
"../../../Ninja/Content/Ninja/Models/Modular/Level1/Stage_Asset_modular_floor_a.uasset" 587
"../../../Ninja/Content/Ninja/Models/Modular/Level1/Stage_Asset_modular_floor_a_elevator_floor_tile5.uasset" 588
"../../../Ninja/Content/Ninja/Models/Modular/Level1/Stage_Asset_modular_laser_barricade_half_pCube2.uasset" 589
"../../../Ninja/Content/Ninja/Models/Modular/Level1/Stage_Asset_modular_laser_barricade_pCube1.uasset" 590
"../../../Ninja/Content/Ninja/Models/Modular/Level1/Stage_Asset_modular_small_panel_pCube5.uasset" 591
"../../../Ninja/Content/Ninja/Models/Modular/Level1/Switch.uasset" 592
"../../../Ninja/Content/Ninja/Models/Modular/Level1/Stage_Asset_modular_switch_Stage_Asset_modular_panel_a_panel2.uasset" 593
"../../../Ninja/Content/Ninja/Models/Modular/Level1/tall_wall_c.uasset" 594
"../../../Ninja/Content/Ninja/Models/Modular/Level1/Stage_Asset_modular_tall_wall_v2.uasset" 595
"../../../Ninja/Content/Ninja/Models/Modular/Level1/lambert11.uasset" 596
"../../../Ninja/Content/Ninja/Models/Modular/Level1/Stage_Asset_modular_vent_a_polySurface8.uasset" 597
"../../../Ninja/Content/Ninja/Models/Modular/Level1/Stage_Asset_modular_vent_b_polySurface16.uasset" 598
"../../../Ninja/Content/Ninja/Models/Modular/Level1/Stage_Asset_modular_vent_c_polySurface17.uasset" 599
"../../../Ninja/Content/Ninja/Models/Modular/Level1/vent_cover.uasset" 600
"../../../Ninja/Content/Ninja/Models/Modular/Level1/Stage_Asset_modular_vent_cover_a_polySurface2.uasset" 601
"../../../Ninja/Content/Ninja/Models/Modular/Level1/Stage_Asset_modular_vent_d_polySurface12.uasset" 602
"../../../Ninja/Content/Ninja/Models/Modular/Level1/Stage_Asset_modular_vent_e_polySurface13.uasset" 603
"../../../Ninja/Content/Ninja/Models/Modular/Level1/vent_entence.uasset" 604
"../../../Ninja/Content/Ninja/Models/Modular/Level1/Stage_Asset_modular_vent_entrance_polySurface3.uasset" 605
"../../../Ninja/Content/Ninja/Models/Modular/Level1/Stage_Asset_modular_vent_f_polySurface14.uasset" 606
"../../../Ninja/Content/Ninja/Models/Modular/Level1/Stage_Asset_modular_vent_g_polySurface15.uasset" 607
"../../../Ninja/Content/Ninja/Models/Modular/Level1/Stage_Asset_modular_vent_h_polySurface12.uasset" 608
"../../../Ninja/Content/StarterContent/Architecture/Wall_Door_400x400.uasset" 609
"../../../Ninja/Content/Ninja/Level/Level_Prison.umap" 610
"../../../Ninja/Content/Ninja/GameMode1.uasset" 611
"../../../Ninja/Content/Ninja/Level/GameOverMenu_BuiltData.uasset" 612
"../../../Ninja/Content/Ninja/Level/GameOverMenu.umap" 613
"../../../Ninja/Content/Ninja/Level/Level_DuyTest.umap" 614
"../../../Ninja/Content/Ninja/Level/Modular_Assets/Laboratory/lambert15.uasset" 615
"../../../Ninja/Content/Ninja/Level/Modular_Assets/Laboratory/Stage_Asset_modular_air_vent_intersection_v1__1_.uasset" 616
"../../../Ninja/Content/Ninja/Level/Modular_Assets/Prison/lambert15.uasset" 617
"../../../Ninja/Content/Ninja/Level/Modular_Assets/Prison/Stage_Asset_modular_air_vent_intersection_v1.uasset" 618
"../../../Ninja/Content/Ninja/Level/Modular_Assets/Prison/lambert16.uasset" 619
"../../../Ninja/Content/Ninja/Level/Modular_Assets/Prison/Stage_Asset_modular_ceiling_v1.uasset" 620
"../../../Ninja/Content/Ninja/Level/Modular_Assets/Prison/lambert2.uasset" 621
"../../../Ninja/Content/Ninja/Level/Modular_Assets/Prison/Stage_Asset_modular_corridor_enddoor_v1_door1.uasset" 622
"../../../Ninja/Content/Ninja/Level/Modular_Assets/Prison/Stage_Asset_modular_corridor_enddoor_v1_panel1.uasset" 623
"../../../Ninja/Content/Ninja/Level/Modular_Assets/Prison/Stage_Asset_modular_corridor_enddoor_v1_wall_tile_normal1.uasset" 624
"../../../Ninja/Content/Ninja/Level/Modular_Assets/Prison/lambert6.uasset" 625
"../../../Ninja/Content/Ninja/Level/Modular_Assets/Prison/Stage_Asset_modular_corridor_wall_2_v1_cell_wall.uasset" 626
"../../../Ninja/Content/Ninja/Level/Modular_Assets/Prison/lambert17.uasset" 627
"../../../Ninja/Content/Ninja/Level/Modular_Assets/Prison/Stage_Asset_modular_corridor_wall_celldoor_v1_door.uasset" 628
"../../../Ninja/Content/Ninja/Level/Modular_Assets/Prison/Stage_Asset_modular_corridor_wall_celldoor_v1_wall_tile.uasset" 629
"../../../Ninja/Content/Ninja/Level/Modular_Assets/Prison/lambert4.uasset" 630
"../../../Ninja/Content/Ninja/Level/Modular_Assets/Prison/Stage_Asset_modular_corridor_wall_v1.uasset" 631
"../../../Ninja/Content/Ninja/Level/Modular_Assets/Prison/lambert3.uasset" 632
"../../../Ninja/Content/Ninja/Level/Modular_Assets/Prison/Stage_Asset_modular_corridor_wall_vent_v1.uasset" 633
"../../../Ninja/Content/Ninja/Level/Modular_Assets/Prison/Stage_Asset_modular_floor_v1.uasset" 634
"../../../Ninja/Content/Ninja/Level/Modular_Assets/Prison/Stage_Asset_modular_tall_wall_v1.uasset" 635
"../../../Ninja/Content/Ninja/Level/Modular_Assets/Prison/lambert5.uasset" 636
"../../../Ninja/Content/Ninja/Level/Modular_Assets/Prison/Stage_Asset_modular_wall_door_frame_v1.uasset" 637
"../../../Ninja/Content/Ninja/Level/Modular_Assets/Prison/lambert13.uasset" 638
"../../../Ninja/Content/Ninja/Level/Modular_Assets/Prison/Stage_Asset_prop_wallpanel_v1.uasset" 639
"../../../Ninja/Content/Ninja/Level/Level_Escape.umap" 640
"../../../Ninja/Content/Ninja/Blueprints/AI/BP_SentryExplosion.uasset" 641
"../../../Ninja/Content/Ninja/Blueprints/AI/BP_Sentry.uasset" 642
"../../../Ninja/Content/Ninja/Level/Level_Laboratory_BuiltData.uasset" 643
"../../../Ninja/Content/Ninja/Audio/Dialogue/Music_LabSoundtrack_Cue.uasset" 644
"../../../Ninja/Content/Ninja/Level/Modular_Assets/Bathroom/lambert1.uasset" 645
"../../../Ninja/Content/Ninja/Level/Modular_Assets/Bathroom/toilet.uasset" 646
"../../../Ninja/Content/Ninja/Level/Level_Laboratory.umap" 647
"../../../Engine/Content/Maps/Entry.umap" 648
"../../../Ninja/Content/Ninja/Level/GameModes/GameMode_MainMenu.uasset" 649
"../../../Ninja/Content/Ninja/Models/Planet/Planet.uasset" 650
"../../../Ninja/Content/Ninja/Models/Planet/Planet_Inst.uasset" 651
"../../../Ninja/Content/Ninja/Models/Planet/Sphere_Blueprint.uasset" 652
"../../../Ninja/Content/Ninja/Fonts/sourcesanspro-regular-webfont.uasset" 653
"../../../Ninja/Content/Ninja/Fonts/NewFont.uasset" 654
"../../../Ninja/Content/Ninja/UI/Button.uasset" 655
"../../../Ninja/Content/Ninja/UI/Logo.uasset" 656
"../../../Ninja/Content/Ninja/UI/Main-BG.uasset" 657
"../../../Ninja/Content/Ninja/UI/MainMenuWidget.uasset" 658
"../../../Ninja/Content/Ninja/Level/MainMenu_BuiltData.uasset" 659
"../../../Engine/Content/Functions/Engine_MaterialFunctions01/Gradient/RadialGradientExponential.uasset" 660
"../../../Ninja/Content/Ninja/Models/Planet/M_Stars.uasset" 661
"../../../Ninja/Content/Ninja/Models/Planet/Stars.uasset" 662
"../../../Ninja/Content/Ninja/Models/Planet/M_Stars2.uasset" 663
"../../../Ninja/Content/Ninja/Models/Planet/Stars2.uasset" 664
"../../../Ninja/Content/Ninja/Level/MainMenu.umap" 665
"../../../Ninja/Content/StarterContent/Blueprints/Assets/FogBrightnessLUT.uasset" 666
"../../../Ninja/Content/StarterContent/Blueprints/Assets/SunlightColorLUT.uasset" 667
"../../../Ninja/Content/StarterContent/Blueprints/Assets/M_LightStage_Arrows.uasset" 668
"../../../Ninja/Content/StarterContent/Blueprints/Assets/M_LightStage_Skybox_HDRI.uasset" 669
"../../../Engine/Content/EditorMaterials/Thumbnails/SkySphereMaterial.uasset" 670
"../../../Ninja/Content/StarterContent/Blueprints/Assets/Skybox.uasset" 671
"../../../Ninja/Content/StarterContent/Blueprints/Assets/SM_Arrows.uasset" 672
"../../../Ninja/Content/StarterContent/HDRI/HDRI_Epic_Courtyard_Daylight.uasset" 673
"../../../Ninja/Content/StarterContent/Blueprints/BP_LightStudio.uasset" 674
"../../../Ninja/Content/StarterContent/Maps/Advanced_Lighting_BuiltData.uasset" 675
"../../../Ninja/Content/StarterContent/Materials/M_AssetPlatform.uasset" 676
"../../../Engine/Content/EditorMeshes/ColorCalibrator/M_ChromeBall.uasset" 677
"../../../Engine/Content/EditorMeshes/ColorCalibrator/M_ClearCoat.uasset" 678
"../../../Engine/Content/EditorMeshes/ColorCalibrator/M_ClearCoatBlack.uasset" 679
"../../../Engine/Content/EditorMeshes/ColorCalibrator/M_ColorGrid.uasset" 680
"../../../Engine/Content/EditorMeshes/ColorCalibrator/M_GreyBall.uasset" 681
"../../../Engine/Content/EditorMeshes/ColorCalibrator/SM_ColorCalibrator.uasset" 682
"../../../Ninja/Content/StarterContent/Architecture/SM_AssetPlatform.uasset" 683
"../../../Ninja/Content/StarterContent/Maps/Advanced_Lighting.umap" 684
"../../../Ninja/Content/StarterContent/Maps/Minimal_Default_BuiltData.uasset" 685
"../../../Ninja/Content/StarterContent/Materials/M_Metal_Brushed_Nickel.uasset" 686
"../../../Ninja/Content/StarterContent/Textures/T_Metal_Aluminum_D.uasset" 687
"../../../Ninja/Content/StarterContent/Materials/M_Metal_Burnished_Steel.uasset" 688
"../../../Ninja/Content/StarterContent/Textures/T_Metal_Copper_D.uasset" 689
"../../../Ninja/Content/StarterContent/Materials/M_Metal_Copper.uasset" 690
"../../../Ninja/Content/StarterContent/Textures/T_Statue_M.uasset" 691
"../../../Ninja/Content/StarterContent/Textures/T_Statue_N.uasset" 692
"../../../Ninja/Content/StarterContent/Props/Materials/M_StatueGlass.uasset" 693
"../../../Ninja/Content/StarterContent/Architecture/Floor_400x400.uasset" 694
"../../../Ninja/Content/StarterContent/Audio/Starter_Background_Cue.uasset" 695
"../../../Ninja/Content/StarterContent/Props/SM_Chair.uasset" 696
"../../../Ninja/Content/StarterContent/Props/Materials/M_Statue.uasset" 697
"../../../Ninja/Content/StarterContent/Props/SM_Statue.uasset" 698
"../../../Ninja/Content/StarterContent/Textures/T_TableRound_M.uasset" 699
"../../../Ninja/Content/StarterContent/Textures/T_TableRound_N.uasset" 700
"../../../Ninja/Content/StarterContent/Props/Materials/M_TableRound.uasset" 701
"../../../Ninja/Content/StarterContent/Props/SM_TableRound.uasset" 702
"../../../Ninja/Content/StarterContent/Maps/Minimal_Default.umap" 703
"../../../Ninja/Content/StarterContent/Audio/Fire01_Cue.uasset" 704
"../../../Ninja/Content/StarterContent/Textures/T_Fire_SubUV.uasset" 705
"../../../Ninja/Content/StarterContent/Textures/T_Fire_Tiled_D.uasset" 706
"../../../Ninja/Content/StarterContent/Particles/Materials/M_Fire_SubUV.uasset" 707
"../../../Ninja/Content/StarterContent/Textures/T_Water_N.uasset" 708
"../../../Ninja/Content/StarterContent/Particles/Materials/M_Heat_Distortion.uasset" 709
"../../../Ninja/Content/StarterContent/Particles/P_Fire.uasset" 710
"../../../Ninja/Content/StarterContent/Blueprints/Blueprint_Effect_Fire.uasset" 711
"../../../Ninja/Content/StarterContent/Audio/Smoke01_Cue.uasset" 712
"../../../Ninja/Content/StarterContent/Particles/P_Smoke.uasset" 713
"../../../Ninja/Content/StarterContent/Blueprints/Blueprint_Effect_Smoke.uasset" 714
"../../../Ninja/Content/StarterContent/Audio/Fire_Sparks01_Cue.uasset" 715
"../../../Ninja/Content/StarterContent/Blueprints/Blueprint_Effect_Sparks.uasset" 716
"../../../Ninja/Content/StarterContent/Audio/Steam01_Cue.uasset" 717
"../../../Ninja/Content/StarterContent/Particles/P_Steam_Lit.uasset" 718
"../../../Ninja/Content/StarterContent/Blueprints/Blueprint_Effect_Steam.uasset" 719
"../../../Ninja/Content/StarterContent/Textures/T_Lamp_M.uasset" 720
"../../../Ninja/Content/StarterContent/Textures/T_Lamp_N.uasset" 721
"../../../Ninja/Content/StarterContent/Props/Materials/M_Lamp.uasset" 722
"../../../Ninja/Content/StarterContent/Props/SM_Lamp_Ceiling.uasset" 723
"../../../Ninja/Content/StarterContent/Blueprints/Blueprint_CeilingLight.uasset" 724
"../../../Ninja/Content/StarterContent/Props/SM_Lamp_Wall.uasset" 725
"../../../Ninja/Content/StarterContent/Blueprints/Blueprint_WallSconce.uasset" 726
"../../../Ninja/Content/StarterContent/Maps/StarterMap_BuiltData.uasset" 727
"../../../Engine/Content/Functions/Engine_MaterialFunctions03/Procedurals/ComputeFilterWidth.uasset" 728
"../../../Engine/Content/EngineMaterials/AntiAliasedTextMaterialTranslucent.uasset" 729
"../../../Ninja/Content/StarterContent/Textures/T_Brick_Clay_Beveled_D.uasset" 730
"../../../Ninja/Content/StarterContent/Textures/T_Brick_Clay_Beveled_M.uasset" 731
"../../../Ninja/Content/StarterContent/Textures/T_Brick_Clay_Beveled_N.uasset" 732
"../../../Ninja/Content/StarterContent/Materials/M_Brick_Clay_Beveled.uasset" 733
"../../../Ninja/Content/StarterContent/Textures/T_Brick_Clay_New_D.uasset" 734
"../../../Ninja/Content/StarterContent/Textures/T_Brick_Clay_New_M.uasset" 735
"../../../Ninja/Content/StarterContent/Textures/T_Brick_Clay_New_N.uasset" 736
"../../../Ninja/Content/StarterContent/Materials/M_Brick_Clay_New.uasset" 737
"../../../Ninja/Content/StarterContent/Textures/T_Brick_Cut_Stone_D.uasset" 738
"../../../Ninja/Content/StarterContent/Textures/T_Brick_Cut_Stone_N.uasset" 739
"../../../Ninja/Content/StarterContent/Materials/M_Brick_Cut_Stone.uasset" 740
"../../../Ninja/Content/StarterContent/Textures/T_Brick_Hewn_Stone_D.uasset" 741
"../../../Ninja/Content/StarterContent/Textures/T_Brick_Hewn_Stone_M.uasset" 742
"../../../Ninja/Content/StarterContent/Textures/T_Brick_Hewn_Stone_N.uasset" 743
"../../../Ninja/Content/StarterContent/Materials/M_Brick_Hewn_Stone.uasset" 744
"../../../Ninja/Content/StarterContent/Textures/T_Ceramic_Tile_M.uasset" 745
"../../../Ninja/Content/StarterContent/Textures/T_Ceramic_Tile_N.uasset" 746
"../../../Ninja/Content/StarterContent/Textures/T_Rock_Marble_Polished_D.uasset" 747
"../../../Ninja/Content/StarterContent/Materials/M_Ceramic_Tile_Checker.uasset" 748
"../../../Ninja/Content/StarterContent/Textures/T_CobbleStone_Pebble_D.uasset" 749
"../../../Ninja/Content/StarterContent/Textures/T_CobbleStone_Pebble_M.uasset" 750
"../../../Ninja/Content/StarterContent/Textures/T_CobbleStone_Pebble_N.uasset" 751
"../../../Ninja/Content/StarterContent/Materials/M_CobbleStone_Pebble.uasset" 752
"../../../Ninja/Content/StarterContent/Textures/T_CobbleStone_Rough_D.uasset" 753
"../../../Ninja/Content/StarterContent/Textures/T_CobbleStone_Rough_N.uasset" 754
"../../../Ninja/Content/StarterContent/Textures/T_Gradinet_01.uasset" 755
"../../../Ninja/Content/StarterContent/Textures/T_Rock_Smooth_Granite_D.uasset" 756
"../../../Ninja/Content/StarterContent/Materials/M_CobbleStone_Rough.uasset" 757
"../../../Ninja/Content/StarterContent/Textures/T_CobbleStone_Smooth_D.uasset" 758
"../../../Ninja/Content/StarterContent/Textures/T_CobbleStone_Smooth_M.uasset" 759
"../../../Ninja/Content/StarterContent/Textures/T_CobbleStone_Smooth_N.uasset" 760
"../../../Ninja/Content/StarterContent/Materials/M_CobbleStone_Smooth.uasset" 761
"../../../Ninja/Content/StarterContent/Textures/T_Concrete_Grime_D.uasset" 762
"../../../Ninja/Content/StarterContent/Textures/T_Metal_Rust_N.uasset" 763
"../../../Ninja/Content/StarterContent/Materials/M_Concrete_Grime.uasset" 764
"../../../Ninja/Content/StarterContent/Textures/T_Concrete_Panels_D.uasset" 765
"../../../Ninja/Content/StarterContent/Textures/T_Concrete_Panels_N.uasset" 766
"../../../Ninja/Content/StarterContent/Materials/M_Concrete_Panels.uasset" 767
"../../../Ninja/Content/StarterContent/Textures/T_Concrete_Poured_D.uasset" 768
"../../../Ninja/Content/StarterContent/Textures/T_Concrete_Poured_N.uasset" 769
"../../../Ninja/Content/StarterContent/Materials/M_Concrete_Poured.uasset" 770
"../../../Ninja/Content/StarterContent/Textures/T_Concrete_Tiles_D.uasset" 771
"../../../Ninja/Content/StarterContent/Textures/T_Concrete_Tiles_M.uasset" 772
"../../../Ninja/Content/StarterContent/Textures/T_Concrete_Tiles_N.uasset" 773
"../../../Ninja/Content/StarterContent/Textures/T_Concrete_Tiles_Variation_M.uasset" 774
"../../../Ninja/Content/StarterContent/Materials/M_Concrete_Tiles.uasset" 775
"../../../Ninja/Content/StarterContent/Textures/T_Ground_Grass_D.uasset" 776
"../../../Ninja/Content/StarterContent/Textures/T_Ground_Grass_N.uasset" 777
"../../../Ninja/Content/StarterContent/Materials/M_Ground_Grass.uasset" 778
"../../../Ninja/Content/StarterContent/Textures/T_Ground_Gravel_D.uasset" 779
"../../../Ninja/Content/StarterContent/Textures/T_Ground_Gravel_N.uasset" 780
"../../../Ninja/Content/StarterContent/Materials/M_Ground_Gravel.uasset" 781
"../../../Ninja/Content/StarterContent/Textures/T_ground_Moss_D.uasset" 782
"../../../Ninja/Content/StarterContent/Textures/T_Ground_Moss_N.uasset" 783
"../../../Ninja/Content/StarterContent/Materials/M_Ground_Moss.uasset" 784
"../../../Ninja/Content/StarterContent/Textures/T_Metal_Rust_D.uasset" 785
"../../../Ninja/Content/StarterContent/Materials/M_Metal_Rust.uasset" 786
"../../../Ninja/Content/StarterContent/Textures/T_Rock_Basalt_N.uasset" 787
"../../../Ninja/Content/StarterContent/Materials/M_Rock_Basalt.uasset" 788
"../../../Ninja/Content/StarterContent/Materials/M_Rock_Marble_Polished.uasset" 789
"../../../Ninja/Content/StarterContent/Textures/T_Rock_Sandstone_D.uasset" 790
"../../../Ninja/Content/StarterContent/Textures/T_Rock_Sandstone_N.uasset" 791
"../../../Ninja/Content/StarterContent/Materials/M_Rock_Sandstone.uasset" 792
"../../../Ninja/Content/StarterContent/Textures/T_Rock_Slate_D.uasset" 793
"../../../Ninja/Content/StarterContent/Textures/T_Rock_Slate_N.uasset" 794
"../../../Ninja/Content/StarterContent/Materials/M_Rock_Slate.uasset" 795
"../../../Ninja/Content/StarterContent/Textures/T_Checker_Noise_M.uasset" 796
"../../../Ninja/Content/StarterContent/Textures/T_Single_Tile_N.uasset" 797
"../../../Ninja/Content/StarterContent/Textures/T_Tech_Dot_M.uasset" 798
"../../../Ninja/Content/StarterContent/Textures/T_Tech_Dot_N.uasset" 799
"../../../Ninja/Content/StarterContent/Materials/M_Tech_Checker_Dot.uasset" 800
"../../../Ninja/Content/StarterContent/Textures/T_Tech_Panel_M.uasset" 801
"../../../Ninja/Content/StarterContent/Textures/T_Tech_Panel_N.uasset" 802
"../../../Ninja/Content/StarterContent/Materials/M_Tech_Panel.uasset" 803
"../../../Ninja/Content/StarterContent/Materials/M_Water_Lake.uasset" 804
"../../../Ninja/Content/StarterContent/Textures/T_Water_M.uasset" 805
"../../../Ninja/Content/StarterContent/Materials/M_Water_Ocean.uasset" 806
"../../../Ninja/Content/StarterContent/Textures/T_Wood_Floor_Walnut_D.uasset" 807
"../../../Ninja/Content/StarterContent/Textures/T_Wood_Floor_Walnut_M.uasset" 808
"../../../Ninja/Content/StarterContent/Textures/T_Wood_Floor_Walnut_N.uasset" 809
"../../../Ninja/Content/StarterContent/Materials/M_Wood_Floor_Walnut_Polished.uasset" 810
"../../../Engine/Content/Functions/Engine_MaterialFunctions01/Opacity/AlphaOffset.uasset" 811
"../../../Ninja/Content/StarterContent/Materials/M_Wood_Floor_Walnut_Worn.uasset" 812
"../../../Ninja/Content/StarterContent/Textures/T_Wood_Pine_D.uasset" 813
"../../../Ninja/Content/StarterContent/Textures/T_Wood_Pine_N.uasset" 814
"../../../Ninja/Content/StarterContent/Materials/M_Wood_Pine.uasset" 815
"../../../Ninja/Content/StarterContent/Textures/T_Wood_Walnut_D.uasset" 816
"../../../Ninja/Content/StarterContent/Textures/T_Wood_Walnut_N.uasset" 817
"../../../Ninja/Content/StarterContent/Materials/M_Wood_Walnut.uasset" 818
"../../../Ninja/Content/StarterContent/Architecture/Wall_400x200.uasset" 819
"../../../Ninja/Content/StarterContent/Architecture/Wall_Door_400x300.uasset" 820
"../../../Ninja/Content/StarterContent/Architecture/Wall_Window_400x300.uasset" 821
"../../../Ninja/Content/StarterContent/Audio/Collapse_Cue.uasset" 822
"../../../Ninja/Content/StarterContent/Audio/Starter_Music_Cue.uasset" 823
"../../../Ninja/Content/StarterContent/Textures/T_Dust_Particle_D.uasset" 824
"../../../Ninja/Content/StarterContent/Particles/Materials/M_Dust_Particle.uasset" 825
"../../../Ninja/Content/StarterContent/Particles/P_Ambient_Dust.uasset" 826
"../../../Ninja/Content/StarterContent/Props/MaterialSphere.uasset" 827
"../../../Ninja/Content/StarterContent/Textures/T_Frame_M.uasset" 828
"../../../Ninja/Content/StarterContent/Textures/T_Frame_N.uasset" 829
"../../../Ninja/Content/StarterContent/Props/Materials/M_Frame.uasset" 830
"../../../Ninja/Content/StarterContent/Props/SM_CornerFrame.uasset" 831
"../../../Ninja/Content/StarterContent/Props/SM_DoorFrame.uasset" 832
"../../../Ninja/Content/StarterContent/Props/SM_GlassWindow.uasset" 833
"../../../Ninja/Content/StarterContent/Props/SM_PillarFrame.uasset" 834
"../../../Ninja/Content/StarterContent/Props/SM_PillarFrame300.uasset" 835
"../../../Ninja/Content/StarterContent/Props/SM_WindowFrame.uasset" 836
"../../../Ninja/Content/StarterContent/Shapes/Shape_QuadPyramid.uasset" 837
"../../../Ninja/Content/StarterContent/Shapes/Shape_Sphere.uasset" 838
"../../../Ninja/Content/StarterContent/Maps/StarterMap.umap" 839
"../../../Ninja/Content/ThirdPersonBP/Maps/ThirdPersonExampleMap_BuiltData.uasset" 840
"../../../Ninja/Content/Geometry/Meshes/1M_Cube.uasset" 841
"../../../Ninja/Content/Geometry/Meshes/1M_Cube_Chamfer.uasset" 842
"../../../Ninja/Content/Geometry/Meshes/TemplateFloor.uasset" 843
"../../../Ninja/Content/ThirdPerson/Meshes/RampMaterial.uasset" 844
"../../../Ninja/Content/ThirdPerson/Meshes/Bump_StaticMesh.uasset" 845
"../../../Ninja/Content/ThirdPerson/Meshes/LeftArm_StaticMesh.uasset" 846
"../../../Ninja/Content/ThirdPerson/Meshes/Linear_Stair_StaticMesh.uasset" 847
"../../../Ninja/Content/ThirdPerson/Meshes/Ramp_StaticMesh.uasset" 848
"../../../Ninja/Content/ThirdPerson/Meshes/RightArm_StaticMesh.uasset" 849
"../../../Ninja/Content/ThirdPersonBP/Maps/ThirdPersonExampleMap.umap" 850
